<?xml version="1.0" encoding="UTF-8"?>
<testng-results skipped="0" failed="0" ignored="0" total="1" passed="1">
  <reporter-output>
  </reporter-output>
  <suite name="Free CRM Application Test Automation Test suite" duration-ms="12711" started-at="2020-04-05T14:19:39Z" finished-at="2020-04-05T14:19:52Z">
    <groups>
    </groups>
    <test name="Free CRM app test cases" duration-ms="12711" started-at="2020-04-05T14:19:39Z" finished-at="2020-04-05T14:19:52Z">
      <class name="com.qklab.testcases.LoginPageTest">
        <test-method status="PASS" signature="setUp()[pri:0, instance:com.qklab.testcases.LoginPageTest@1a84f40f]" name="setUp" is-config="true" duration-ms="11656" started-at="2020-04-05T19:49:39Z" finished-at="2020-04-05T19:49:51Z">
          <reporter-output>
          </reporter-output>
        </test-method> <!-- setUp -->
        <test-method status="PASS" signature="validateForgotPasswordLinkTest()[pri:2, instance:com.qklab.testcases.LoginPageTest@1a84f40f]" name="validateForgotPasswordLinkTest" duration-ms="181" started-at="2020-04-05T19:49:51Z" finished-at="2020-04-05T19:49:51Z">
          <reporter-output>
          </reporter-output>
        </test-method> <!-- validateForgotPasswordLinkTest -->
        <test-method status="PASS" signature="tearDown()[pri:0, instance:com.qklab.testcases.LoginPageTest@1a84f40f]" name="tearDown" is-config="true" duration-ms="841" started-at="2020-04-05T19:49:51Z" finished-at="2020-04-05T19:49:52Z">
          <reporter-output>
          </reporter-output>
        </test-method> <!-- tearDown -->
        <test-method status="PASS" signature="SebdEmailReports()[pri:0, instance:com.qklab.testcases.LoginPageTest@1a84f40f]" name="SebdEmailReports" is-config="true" duration-ms="0" started-at="2020-04-05T19:49:52Z" finished-at="2020-04-05T19:49:52Z">
          <reporter-output>
          </reporter-output>
        </test-method> <!-- SebdEmailReports -->
      </class> <!-- com.qklab.testcases.LoginPageTest -->
    </test> <!-- Free CRM app test cases -->
  </suite> <!-- Free CRM Application Test Automation Test suite -->
</testng-results>
